<?xml version="1.0" encoding="UTF-8"?>
<testsuite xmlns:xsi="http://www.w3.org/2001/XMLSchema-instance" xsi:noNamespaceSchemaLocation="https://maven.apache.org/surefire/maven-surefire-plugin/xsd/surefire-test-report.xsd" name="com.classification.image.docker.web.ImageClassificationWebApplicationTests" time="5.657" tests="1" errors="0" skipped="0" failures="0">
  <properties>
    <property name="awt.toolkit" value="sun.awt.X11.XToolkit"/>
    <property name="java.specification.version" value="11"/>
    <property name="sun.cpu.isalist" value=""/>
    <property name="sun.jnu.encoding" value="ANSI_X3.4-1968"/>
    <property name="java.class.path" value="/home/windows/ImageClassification/target/test-classes:/home/windows/ImageClassification/target/classes:/data/repository/maven/org/springframework/boot/spring-boot-starter-web/2.4.3/spring-boot-starter-web-2.4.3.jar:/data/repository/maven/org/springframework/boot/spring-boot-starter/2.4.3/spring-boot-starter-2.4.3.jar:/data/repository/maven/org/springframework/boot/spring-boot/2.4.3/spring-boot-2.4.3.jar:/data/repository/maven/org/springframework/boot/spring-boot-autoconfigure/2.4.3/spring-boot-autoconfigure-2.4.3.jar:/data/repository/maven/org/springframework/boot/spring-boot-starter-logging/2.4.3/spring-boot-starter-logging-2.4.3.jar:/data/repository/maven/ch/qos/logback/logback-classic/1.2.3/logback-classic-1.2.3.jar:/data/repository/maven/ch/qos/logback/logback-core/1.2.3/logback-core-1.2.3.jar:/data/repository/maven/org/apache/logging/log4j/log4j-to-slf4j/2.13.3/log4j-to-slf4j-2.13.3.jar:/data/repository/maven/org/apache/logging/log4j/log4j-api/2.13.3/log4j-api-2.13.3.jar:/data/repository/maven/org/slf4j/jul-to-slf4j/1.7.30/jul-to-slf4j-1.7.30.jar:/data/repository/maven/jakarta/annotation/jakarta.annotation-api/1.3.5/jakarta.annotation-api-1.3.5.jar:/data/repository/maven/org/yaml/snakeyaml/1.27/snakeyaml-1.27.jar:/data/repository/maven/org/springframework/boot/spring-boot-starter-json/2.4.3/spring-boot-starter-json-2.4.3.jar:/data/repository/maven/com/fasterxml/jackson/core/jackson-databind/2.11.4/jackson-databind-2.11.4.jar:/data/repository/maven/com/fasterxml/jackson/core/jackson-annotations/2.11.4/jackson-annotations-2.11.4.jar:/data/repository/maven/com/fasterxml/jackson/core/jackson-core/2.11.4/jackson-core-2.11.4.jar:/data/repository/maven/com/fasterxml/jackson/datatype/jackson-datatype-jdk8/2.11.4/jackson-datatype-jdk8-2.11.4.jar:/data/repository/maven/com/fasterxml/jackson/datatype/jackson-datatype-jsr310/2.11.4/jackson-datatype-jsr310-2.11.4.jar:/data/repository/maven/com/fasterxml/jackson/module/jackson-module-parameter-names/2.11.4/jackson-module-parameter-names-2.11.4.jar:/data/repository/maven/org/springframework/boot/spring-boot-starter-tomcat/2.4.3/spring-boot-starter-tomcat-2.4.3.jar:/data/repository/maven/org/glassfish/jakarta.el/3.0.3/jakarta.el-3.0.3.jar:/data/repository/maven/org/apache/tomcat/embed/tomcat-embed-websocket/9.0.43/tomcat-embed-websocket-9.0.43.jar:/data/repository/maven/org/springframework/spring-web/5.3.4/spring-web-5.3.4.jar:/data/repository/maven/org/springframework/spring-beans/5.3.4/spring-beans-5.3.4.jar:/data/repository/maven/org/springframework/spring-webmvc/5.3.4/spring-webmvc-5.3.4.jar:/data/repository/maven/org/springframework/spring-aop/5.3.4/spring-aop-5.3.4.jar:/data/repository/maven/org/springframework/spring-context/5.3.4/spring-context-5.3.4.jar:/data/repository/maven/org/springframework/spring-expression/5.3.4/spring-expression-5.3.4.jar:/data/repository/maven/org/springframework/boot/spring-boot-starter-test/2.4.3/spring-boot-starter-test-2.4.3.jar:/data/repository/maven/org/springframework/boot/spring-boot-test/2.4.3/spring-boot-test-2.4.3.jar:/data/repository/maven/org/springframework/boot/spring-boot-test-autoconfigure/2.4.3/spring-boot-test-autoconfigure-2.4.3.jar:/data/repository/maven/com/jayway/jsonpath/json-path/2.4.0/json-path-2.4.0.jar:/data/repository/maven/net/minidev/json-smart/2.3/json-smart-2.3.jar:/data/repository/maven/net/minidev/accessors-smart/1.2/accessors-smart-1.2.jar:/data/repository/maven/org/ow2/asm/asm/5.0.4/asm-5.0.4.jar:/data/repository/maven/org/slf4j/slf4j-api/1.7.30/slf4j-api-1.7.30.jar:/data/repository/maven/jakarta/xml/bind/jakarta.xml.bind-api/2.3.3/jakarta.xml.bind-api-2.3.3.jar:/data/repository/maven/jakarta/activation/jakarta.activation-api/1.2.2/jakarta.activation-api-1.2.2.jar:/data/repository/maven/org/assertj/assertj-core/3.18.1/assertj-core-3.18.1.jar:/data/repository/maven/org/hamcrest/hamcrest/2.2/hamcrest-2.2.jar:/data/repository/maven/org/junit/jupiter/junit-jupiter/5.7.1/junit-jupiter-5.7.1.jar:/data/repository/maven/org/junit/jupiter/junit-jupiter-api/5.7.1/junit-jupiter-api-5.7.1.jar:/data/repository/maven/org/apiguardian/apiguardian-api/1.1.0/apiguardian-api-1.1.0.jar:/data/repository/maven/org/opentest4j/opentest4j/1.2.0/opentest4j-1.2.0.jar:/data/repository/maven/org/junit/platform/junit-platform-commons/1.7.1/junit-platform-commons-1.7.1.jar:/data/repository/maven/org/junit/jupiter/junit-jupiter-params/5.7.1/junit-jupiter-params-5.7.1.jar:/data/repository/maven/org/junit/jupiter/junit-jupiter-engine/5.7.1/junit-jupiter-engine-5.7.1.jar:/data/repository/maven/org/junit/platform/junit-platform-engine/1.7.1/junit-platform-engine-1.7.1.jar:/data/repository/maven/org/mockito/mockito-core/3.6.28/mockito-core-3.6.28.jar:/data/repository/maven/net/bytebuddy/byte-buddy/1.10.20/byte-buddy-1.10.20.jar:/data/repository/maven/net/bytebuddy/byte-buddy-agent/1.10.20/byte-buddy-agent-1.10.20.jar:/data/repository/maven/org/objenesis/objenesis/3.1/objenesis-3.1.jar:/data/repository/maven/org/mockito/mockito-junit-jupiter/3.6.28/mockito-junit-jupiter-3.6.28.jar:/data/repository/maven/org/skyscreamer/jsonassert/1.5.0/jsonassert-1.5.0.jar:/data/repository/maven/com/vaadin/external/google/android-json/0.0.20131108.vaadin1/android-json-0.0.20131108.vaadin1.jar:/data/repository/maven/org/springframework/spring-core/5.3.4/spring-core-5.3.4.jar:/data/repository/maven/org/springframework/spring-jcl/5.3.4/spring-jcl-5.3.4.jar:/data/repository/maven/org/springframework/spring-test/5.3.4/spring-test-5.3.4.jar:/data/repository/maven/org/xmlunit/xmlunit-core/2.7.0/xmlunit-core-2.7.0.jar:/data/repository/maven/com/googlecode/json-simple/json-simple/1.1.1/json-simple-1.1.1.jar:/data/repository/maven/junit/junit/4.13.2/junit-4.13.2.jar:/data/repository/maven/org/hamcrest/hamcrest-core/2.2/hamcrest-core-2.2.jar:/data/repository/maven/javax/servlet/jstl/1.2/jstl-1.2.jar:/data/repository/maven/org/apache/tomcat/embed/tomcat-embed-jasper/9.0.43/tomcat-embed-jasper-9.0.43.jar:/data/repository/maven/org/apache/tomcat/embed/tomcat-embed-core/9.0.43/tomcat-embed-core-9.0.43.jar:/data/repository/maven/org/apache/tomcat/tomcat-annotations-api/9.0.43/tomcat-annotations-api-9.0.43.jar:/data/repository/maven/org/apache/tomcat/embed/tomcat-embed-el/9.0.43/tomcat-embed-el-9.0.43.jar:/data/repository/maven/org/eclipse/jdt/ecj/3.18.0/ecj-3.18.0.jar:/data/repository/maven/org/projectlombok/lombok/1.18.16/lombok-1.18.16.jar:"/>
    <property name="java.vm.vendor" value="Ubuntu"/>
    <property name="sun.arch.data.model" value="64"/>
    <property name="java.vendor.url" value="https://ubuntu.com/"/>
    <property name="user.timezone" value=""/>
    <property name="java.vm.specification.version" value="11"/>
    <property name="os.name" value="Linux"/>
    <property name="sun.java.launcher" value="SUN_STANDARD"/>
    <property name="user.country" value="US"/>
    <property name="sun.boot.library.path" value="/usr/lib/jvm/java-11-openjdk-amd64/lib"/>
    <property name="sun.java.command" value="/home/windows/ImageClassification/target/surefire/surefirebooter14824010623256756409.jar /home/windows/ImageClassification/target/surefire 2021-03-25T08-09-49_548-jvmRun1 surefire536608367433070113tmp surefire_05426750643173264602tmp"/>
    <property name="jdk.debug" value="release"/>
    <property name="surefire.test.class.path" value="/home/windows/ImageClassification/target/test-classes:/home/windows/ImageClassification/target/classes:/data/repository/maven/org/springframework/boot/spring-boot-starter-web/2.4.3/spring-boot-starter-web-2.4.3.jar:/data/repository/maven/org/springframework/boot/spring-boot-starter/2.4.3/spring-boot-starter-2.4.3.jar:/data/repository/maven/org/springframework/boot/spring-boot/2.4.3/spring-boot-2.4.3.jar:/data/repository/maven/org/springframework/boot/spring-boot-autoconfigure/2.4.3/spring-boot-autoconfigure-2.4.3.jar:/data/repository/maven/org/springframework/boot/spring-boot-starter-logging/2.4.3/spring-boot-starter-logging-2.4.3.jar:/data/repository/maven/ch/qos/logback/logback-classic/1.2.3/logback-classic-1.2.3.jar:/data/repository/maven/ch/qos/logback/logback-core/1.2.3/logback-core-1.2.3.jar:/data/repository/maven/org/apache/logging/log4j/log4j-to-slf4j/2.13.3/log4j-to-slf4j-2.13.3.jar:/data/repository/maven/org/apache/logging/log4j/log4j-api/2.13.3/log4j-api-2.13.3.jar:/data/repository/maven/org/slf4j/jul-to-slf4j/1.7.30/jul-to-slf4j-1.7.30.jar:/data/repository/maven/jakarta/annotation/jakarta.annotation-api/1.3.5/jakarta.annotation-api-1.3.5.jar:/data/repository/maven/org/yaml/snakeyaml/1.27/snakeyaml-1.27.jar:/data/repository/maven/org/springframework/boot/spring-boot-starter-json/2.4.3/spring-boot-starter-json-2.4.3.jar:/data/repository/maven/com/fasterxml/jackson/core/jackson-databind/2.11.4/jackson-databind-2.11.4.jar:/data/repository/maven/com/fasterxml/jackson/core/jackson-annotations/2.11.4/jackson-annotations-2.11.4.jar:/data/repository/maven/com/fasterxml/jackson/core/jackson-core/2.11.4/jackson-core-2.11.4.jar:/data/repository/maven/com/fasterxml/jackson/datatype/jackson-datatype-jdk8/2.11.4/jackson-datatype-jdk8-2.11.4.jar:/data/repository/maven/com/fasterxml/jackson/datatype/jackson-datatype-jsr310/2.11.4/jackson-datatype-jsr310-2.11.4.jar:/data/repository/maven/com/fasterxml/jackson/module/jackson-module-parameter-names/2.11.4/jackson-module-parameter-names-2.11.4.jar:/data/repository/maven/org/springframework/boot/spring-boot-starter-tomcat/2.4.3/spring-boot-starter-tomcat-2.4.3.jar:/data/repository/maven/org/glassfish/jakarta.el/3.0.3/jakarta.el-3.0.3.jar:/data/repository/maven/org/apache/tomcat/embed/tomcat-embed-websocket/9.0.43/tomcat-embed-websocket-9.0.43.jar:/data/repository/maven/org/springframework/spring-web/5.3.4/spring-web-5.3.4.jar:/data/repository/maven/org/springframework/spring-beans/5.3.4/spring-beans-5.3.4.jar:/data/repository/maven/org/springframework/spring-webmvc/5.3.4/spring-webmvc-5.3.4.jar:/data/repository/maven/org/springframework/spring-aop/5.3.4/spring-aop-5.3.4.jar:/data/repository/maven/org/springframework/spring-context/5.3.4/spring-context-5.3.4.jar:/data/repository/maven/org/springframework/spring-expression/5.3.4/spring-expression-5.3.4.jar:/data/repository/maven/org/springframework/boot/spring-boot-starter-test/2.4.3/spring-boot-starter-test-2.4.3.jar:/data/repository/maven/org/springframework/boot/spring-boot-test/2.4.3/spring-boot-test-2.4.3.jar:/data/repository/maven/org/springframework/boot/spring-boot-test-autoconfigure/2.4.3/spring-boot-test-autoconfigure-2.4.3.jar:/data/repository/maven/com/jayway/jsonpath/json-path/2.4.0/json-path-2.4.0.jar:/data/repository/maven/net/minidev/json-smart/2.3/json-smart-2.3.jar:/data/repository/maven/net/minidev/accessors-smart/1.2/accessors-smart-1.2.jar:/data/repository/maven/org/ow2/asm/asm/5.0.4/asm-5.0.4.jar:/data/repository/maven/org/slf4j/slf4j-api/1.7.30/slf4j-api-1.7.30.jar:/data/repository/maven/jakarta/xml/bind/jakarta.xml.bind-api/2.3.3/jakarta.xml.bind-api-2.3.3.jar:/data/repository/maven/jakarta/activation/jakarta.activation-api/1.2.2/jakarta.activation-api-1.2.2.jar:/data/repository/maven/org/assertj/assertj-core/3.18.1/assertj-core-3.18.1.jar:/data/repository/maven/org/hamcrest/hamcrest/2.2/hamcrest-2.2.jar:/data/repository/maven/org/junit/jupiter/junit-jupiter/5.7.1/junit-jupiter-5.7.1.jar:/data/repository/maven/org/junit/jupiter/junit-jupiter-api/5.7.1/junit-jupiter-api-5.7.1.jar:/data/repository/maven/org/apiguardian/apiguardian-api/1.1.0/apiguardian-api-1.1.0.jar:/data/repository/maven/org/opentest4j/opentest4j/1.2.0/opentest4j-1.2.0.jar:/data/repository/maven/org/junit/platform/junit-platform-commons/1.7.1/junit-platform-commons-1.7.1.jar:/data/repository/maven/org/junit/jupiter/junit-jupiter-params/5.7.1/junit-jupiter-params-5.7.1.jar:/data/repository/maven/org/junit/jupiter/junit-jupiter-engine/5.7.1/junit-jupiter-engine-5.7.1.jar:/data/repository/maven/org/junit/platform/junit-platform-engine/1.7.1/junit-platform-engine-1.7.1.jar:/data/repository/maven/org/mockito/mockito-core/3.6.28/mockito-core-3.6.28.jar:/data/repository/maven/net/bytebuddy/byte-buddy/1.10.20/byte-buddy-1.10.20.jar:/data/repository/maven/net/bytebuddy/byte-buddy-agent/1.10.20/byte-buddy-agent-1.10.20.jar:/data/repository/maven/org/objenesis/objenesis/3.1/objenesis-3.1.jar:/data/repository/maven/org/mockito/mockito-junit-jupiter/3.6.28/mockito-junit-jupiter-3.6.28.jar:/data/repository/maven/org/skyscreamer/jsonassert/1.5.0/jsonassert-1.5.0.jar:/data/repository/maven/com/vaadin/external/google/android-json/0.0.20131108.vaadin1/android-json-0.0.20131108.vaadin1.jar:/data/repository/maven/org/springframework/spring-core/5.3.4/spring-core-5.3.4.jar:/data/repository/maven/org/springframework/spring-jcl/5.3.4/spring-jcl-5.3.4.jar:/data/repository/maven/org/springframework/spring-test/5.3.4/spring-test-5.3.4.jar:/data/repository/maven/org/xmlunit/xmlunit-core/2.7.0/xmlunit-core-2.7.0.jar:/data/repository/maven/com/googlecode/json-simple/json-simple/1.1.1/json-simple-1.1.1.jar:/data/repository/maven/junit/junit/4.13.2/junit-4.13.2.jar:/data/repository/maven/org/hamcrest/hamcrest-core/2.2/hamcrest-core-2.2.jar:/data/repository/maven/javax/servlet/jstl/1.2/jstl-1.2.jar:/data/repository/maven/org/apache/tomcat/embed/tomcat-embed-jasper/9.0.43/tomcat-embed-jasper-9.0.43.jar:/data/repository/maven/org/apache/tomcat/embed/tomcat-embed-core/9.0.43/tomcat-embed-core-9.0.43.jar:/data/repository/maven/org/apache/tomcat/tomcat-annotations-api/9.0.43/tomcat-annotations-api-9.0.43.jar:/data/repository/maven/org/apache/tomcat/embed/tomcat-embed-el/9.0.43/tomcat-embed-el-9.0.43.jar:/data/repository/maven/org/eclipse/jdt/ecj/3.18.0/ecj-3.18.0.jar:/data/repository/maven/org/projectlombok/lombok/1.18.16/lombok-1.18.16.jar:"/>
    <property name="sun.cpu.endian" value="little"/>
    <property name="user.home" value="/root"/>
    <property name="user.language" value="en"/>
    <property name="java.specification.vendor" value="Oracle Corporation"/>
    <property name="java.version.date" value="2021-01-19"/>
    <property name="java.home" value="/usr/lib/jvm/java-11-openjdk-amd64"/>
    <property name="file.separator" value="/"/>
    <property name="basedir" value="/home/windows/ImageClassification"/>
    <property name="java.vm.compressedOopsMode" value="32-bit"/>
    <property name="line.separator" value="&#10;"/>
    <property name="java.specification.name" value="Java Platform API Specification"/>
    <property name="java.vm.specification.vendor" value="Oracle Corporation"/>
    <property name="java.awt.graphicsenv" value="sun.awt.X11GraphicsEnvironment"/>
    <property name="surefire.real.class.path" value="/home/windows/ImageClassification/target/surefire/surefirebooter14824010623256756409.jar"/>
    <property name="sun.management.compiler" value="HotSpot 64-Bit Tiered Compilers"/>
    <property name="java.runtime.version" value="11.0.10+9-Ubuntu-0ubuntu1.18.04"/>
    <property name="user.name" value="root"/>
    <property name="path.separator" value=":"/>
    <property name="os.version" value="4.19.121-linuxkit"/>
    <property name="java.runtime.name" value="OpenJDK Runtime Environment"/>
    <property name="file.encoding" value="ANSI_X3.4-1968"/>
    <property name="java.vm.name" value="OpenJDK 64-Bit Server VM"/>
    <property name="localRepository" value="/data/repository/maven"/>
    <property name="java.vendor.url.bug" value="https://bugs.launchpad.net/ubuntu/+source/openjdk-lts"/>
    <property name="java.io.tmpdir" value="/tmp"/>
    <property name="java.version" value="11.0.10"/>
    <property name="user.dir" value="/home/windows/ImageClassification"/>
    <property name="os.arch" value="amd64"/>
    <property name="java.vm.specification.name" value="Java Virtual Machine Specification"/>
    <property name="java.awt.printerjob" value="sun.print.PSPrinterJob"/>
    <property name="sun.os.patch.level" value="unknown"/>
    <property name="java.library.path" value="/usr/java/packages/lib:/usr/lib/x86_64-linux-gnu/jni:/lib/x86_64-linux-gnu:/usr/lib/x86_64-linux-gnu:/usr/lib/jni:/lib:/usr/lib"/>
    <property name="java.vm.info" value="mixed mode, sharing"/>
    <property name="java.vendor" value="Ubuntu"/>
    <property name="java.vm.version" value="11.0.10+9-Ubuntu-0ubuntu1.18.04"/>
    <property name="sun.io.unicode.encoding" value="UnicodeLittle"/>
    <property name="java.class.version" value="55.0"/>
  </properties>
  <testcase name="contextLoads" classname="com.classification.image.docker.web.ImageClassificationWebApplicationTests" time="0.841"/>
</testsuite>